0 silly input [ 'publish' ]
1 silly flags { _: [ 'publish' ], 'reject-cycles': false, rejectCycles: false }
2 verbose rootPath /Users/llai/Workspace/vx-sdc/local-react/monorepo-react
3 info version 2.11.0
4 silly isInitialized
5 silly isInitialized true
6 silly existsSync /Users/llai/Workspace/vx-sdc/local-react/monorepo-react/VERSION
7 silly initialize attempt
8 info current version 0.0.6
9 silly isDetachedHead
10 silly getCurrentBranch
11 verbose getCurrentBranch master
12 verbose isDetachedHead false
13 silly getCurrentBranch
14 verbose getCurrentBranch master
15 silly getUpdates
16 info Checking for updated packages...
17 silly hasTags
18 verbose hasTags true
19 silly getLastTag
20 verbose getLastTag v0.0.6
21 info Comparing with v0.0.6.
22 silly diffSinceIn v0.0.6 packages/module1
23 silly diff packages/module1/index.js
23 silly diff packages/module1/package.json
24 silly diffSinceIn v0.0.6 packages/module2
25 silly diff packages/module2/node_modules/lzf05142module1
25 silly diff packages/module2/package.json
26 verbose updated @lzf05142/module1
27 verbose updated @lzf05142/module2
28 info Checking for prereleased packages...
29 silly collectDependents
30 silly isPackageDependentOf @lzf05142/module1 @lzf05142/module1
31 silly isPackageDependentOf @lzf05142/module1 @lzf05142/module2
32 silly isPackageDependentOf @lzf05142/module2 @lzf05142/module1
33 verbose dependent @lzf05142/module2 depends on @lzf05142/module1
34 silly isPackageDependentOf @lzf05142/module2 @lzf05142/module2
35 silly isPackageDependentOf @lzf05142/module1 @lzf05142/module2
36 silly collectUpdates
37 verbose has filtered update @lzf05142/module1
38 verbose has filtered update @lzf05142/module2
39 silly initialize success
40 silly execute attempt
41 silly addFile /Users/llai/Workspace/vx-sdc/local-react/monorepo-react/lerna.json
42 silly runScriptSync preversion undefined
43 silly runScriptSync preversion @lzf05142/module1
44 silly runScriptSync version @lzf05142/module1
45 silly runScriptSync preversion @lzf05142/module2
46 silly runScriptSync version @lzf05142/module2
47 silly runScriptSync version undefined
48 silly addFile /Users/llai/Workspace/vx-sdc/local-react/monorepo-react/packages/module1/package.json
49 silly addFile /Users/llai/Workspace/vx-sdc/local-react/monorepo-react/packages/module2/package.json
50 silly commit v0.0.7
51 verbose commit [ 'commit', '--no-verify', '-m', 'v0.0.7' ]
52 silly addTag v0.0.7
53 silly runScriptSync postversion @lzf05142/module1
54 silly runScriptSync postversion @lzf05142/module2
55 silly runScriptSync postversion undefined
56 info publish Publishing packages to npm...
57 silly existsSync /Users/llai/Workspace/vx-sdc/local-react/monorepo-react/packages/module1/scripts/prepublish.js
58 verbose execScript No prepublish script found at /Users/llai/Workspace/vx-sdc/local-react/monorepo-react/packages/module1/scripts/prepublish.js
59 silly existsSync /Users/llai/Workspace/vx-sdc/local-react/monorepo-react/packages/module2/scripts/prepublish.js
60 verbose execScript No prepublish script found at /Users/llai/Workspace/vx-sdc/local-react/monorepo-react/packages/module2/scripts/prepublish.js
61 verbose publishing @lzf05142/module1
62 silly publishTaggedInDir latest module1
63 silly getExecOpts { cwd: '/Users/llai/Workspace/vx-sdc/local-react/monorepo-react/packages/module1' }
64 error publish Retrying failed publish: @lzf05142/module1
65 verbose publish error undefined
66 verbose publishing @lzf05142/module1
67 silly publishTaggedInDir latest module1
68 silly getExecOpts { cwd: '/Users/llai/Workspace/vx-sdc/local-react/monorepo-react/packages/module1' }
69 error publish Retrying failed publish: @lzf05142/module1
70 verbose publish error undefined
71 verbose publishing @lzf05142/module1
72 silly publishTaggedInDir latest module1
73 silly getExecOpts { cwd: '/Users/llai/Workspace/vx-sdc/local-react/monorepo-react/packages/module1' }
74 error publish Retrying failed publish: @lzf05142/module1
75 verbose publish error undefined
76 verbose publishing @lzf05142/module1
77 silly publishTaggedInDir latest module1
78 silly getExecOpts { cwd: '/Users/llai/Workspace/vx-sdc/local-react/monorepo-react/packages/module1' }
79 error publish Retrying failed publish: @lzf05142/module1
80 verbose publish error undefined
81 verbose publishing @lzf05142/module1
82 silly publishTaggedInDir latest module1
83 silly getExecOpts { cwd: '/Users/llai/Workspace/vx-sdc/local-react/monorepo-react/packages/module1' }
84 error publish Ran out of retries while publishing @lzf05142/module1 Error: Command failed: npm publish --tag latest
84 error publish npm ERR! publish Failed PUT 402
84 error publish npm ERR! code E402
84 error publish npm ERR! You must sign up for private packages : @lzf05142/module1
84 error publish
84 error publish npm ERR! A complete log of this run can be found in:
84 error publish npm ERR!     /Users/llai/.npm/_logs/2018-08-07T04_12_42_484Z-debug.log
84 error publish
84 error publish     at Promise.all.then.arr (/Users/llai/.nvm/versions/node/v8.11.1/lib/node_modules/lerna/node_modules/execa/index.js:236:11)
84 error publish     at <anonymous>
84 error publish     at process._tickCallback (internal/process/next_tick.js:188:7)
85 error execute callback with error
86 error Error: Command failed: npm publish --tag latest
86 error npm ERR! publish Failed PUT 402
86 error npm ERR! code E402
86 error npm ERR! You must sign up for private packages : @lzf05142/module1
86 error
86 error npm ERR! A complete log of this run can be found in:
86 error npm ERR!     /Users/llai/.npm/_logs/2018-08-07T04_12_42_484Z-debug.log
86 error
86 error     at Promise.all.then.arr (/Users/llai/.nvm/versions/node/v8.11.1/lib/node_modules/lerna/node_modules/execa/index.js:236:11)
86 error     at <anonymous>
